=~=~=~=~=~=~=~=~=~=~=~= PuTTY log 2020.06.24 22:07:48 =~=~=~=~=~=~=~=~=~=~=~=
1  0.30  -0.17  11.35  23.45  0.00  -1.00  0.00

2  0.34  -0.22  11.35  23.40  0.00  -1.00  0.00

4  0.30  -0.16  11.28  23.45  0.00  -1.00  0.00
5  0.24  -0.23  11.21  23.49  0.00  -1.00  0.00
6  0.30  -0.19  11.23  23.64  0.00  -1.00  0.00
7  0.32  -0.20  11.28  23.59  0.00  -1.00  0.00
8  0.29  -0.14  11.25  23.59  0.00  -1.00  0.00
9  0.36  -0.20  11.19  23.64  0.00  -1.00  0.00
10  0.33  -0.17  11.26  23.64  0.00  -1.00  0.00
11  0.33  -0.16  11.25  23.59  0.00  -1.00  0.00
12  0.30  -0.14  11.26  23.64  0.00  -1.00  0.00
13  0.29  -0.14  11.36  23.49  0.00  -1.00  0.00
14  0.34  -0.20  11.34  23.68  0.00  -1.00  0.00
15  0.31  -0.16  11.26  23.59  0.00  -1.00  0.00
16  0.30  -0.16  11.30  23.64  0.00  -1.00  0.00
17  0.25  -0.22  11.25  23.59  0.00  -1.00  0.00
18  0.33  -0.18  11.27  23.64  0.00  -1.00  0.00
19  0.28  -0.13  11.30  23.68  0.00  -1.00  0.00
20  0.32  -0.20  11.29  23.64  0.00  -1.00  0.00
21  0.24  -0.16  11.22  23.68  0.00  -1.00  0.00
22  0.35  -0.19  11.29  23.78  0.00  -1.00  0.00
23  0.25  -0.15  11.27  23.68  0.00  -1.00  0.00
24  0.30  -0.20  11.24  23.68  0.00  -1.00  0.00
25  0.31  -0.09  11.32  23.59  0.00  -1.00  0.00
26  0.26  -0.15  11.25  23.59  0.00  0.00  0.00
27  0.32  -0.16  11.25  23.73  0.00  -1.00  0.00
28  0.22  -0.21  11.28  23.64  0.00  -1.00  0.00
29  0.33  -0.14  11.25  23.64  0.00  -1.00  0.00
30  0.28  -0.19  11.22  23.73  0.00  -1.00  0.00
31  0.27  -0.17  11.25  23.73  0.00  -1.00  0.00
32  0.36  -0.18  11.29  23.78  0.00  -1.00  0.00
33  0.26  -0.19  11.30  23.73  0.00  -1.00  0.00
34  0.30  -0.21  11.26  23.78  0.00  -1.00  0.00
35  0.33  -0.13  11.36  23.73  0.00  0.00  0.00
36  0.23  -0.14  11.34  23.73  0.00  -1.00  0.00
37  0.30  -0.22  11.25  23.68  0.00  -1.00  0.00
38  0.34  -0.10  11.25  23.78  0.00  -1.00  0.00
39  0.30  -0.13  11.35  23.73  0.00  -1.00  0.00
40  0.29  -0.20  11.26  23.78  0.00  -1.00  0.00
41  0.29  -0.16  11.28  23.78  0.00  -1.00  0.00
42  0.33  -0.20  11.31  23.78  0.00  -1.00  0.00
43  0.29  -0.14  11.30  23.64  0.00  -1.00  0.00
44  0.28  -0.20  11.32  23.78  0.00  -1.00  0.00
45  0.25  -0.14  11.33  23.78  0.00  -1.00  0.00
46  0.29  -0.23  11.26  23.73  0.00  -1.00  0.00
47  0.29  -0.14  11.24  23.78  0.00  -1.00  0.00
48  0.32  -0.14  11.29  23.78  0.00  -1.00  0.00
49  0.33  -0.20  11.24  23.87  0.00  -1.00  0.00
50  0.29  -0.15  11.19  23.82  0.00  -1.00  0.00
51  0.26  -0.17  11.26  23.78  0.00  -1.00  0.00
52  0.36  -0.19  11.34  23.73  0.00  -1.00  0.00
53  0.30  -0.17  11.33  23.78  0.00  -1.00  0.00
54  0.30  -0.15  11.25  23.78  0.00  -1.00  0.00
55  0.30  -0.14  11.30  23.82  0.00  -1.00  0.00
56  0.27  -0.21  11.20  23.82  0.00  -1.00  0.00
57  0.30  -0.13  11.32  23.73  0.00  -1.00  0.00
58  0.34  -0.17  11.26  23.82  0.00  -1.00  0.00
59  0.27  -0.13  11.24  23.82  0.00  -1.00  0.00
60  0.23  -0.14  11.31  23.73  0.00  -1.00  0.00
61  0.27  -0.20  11.29  23.82  0.00  -1.00  0.00
62  0.31  -0.17  11.28  23.82  0.00  -1.00  0.00
63  0.33  -0.18  11.28  23.78  0.00  -1.00  0.00
64  0.31  -0.19  11.21  23.87  0.00  -1.00  0.00
65  0.27  -0.17  11.28  23.82  0.00  -1.00  0.00
66  0.35  -0.19  11.25  23.78  0.00  -1.00  0.00
67  0.29  -0.20  11.29  23.78  0.00  -1.00  0.00
68  0.25  -0.17  11.30  23.82  0.00  -1.00  0.00
69  0.31  -0.19  11.32  23.82  0.00  -1.00  0.00
70  0.33  -0.19  11.25  23.78  0.00  -1.00  0.00
71  0.29  -0.18  11.27  23.78  0.00  -1.00  0.00
72  0.29  -0.14  11.23  23.78  0.00  -1.00  0.00
73  0.30  -0.17  11.35  23.87  0.00  -1.00  0.00
74  0.32  -0.16  11.29  23.82  0.00  -1.00  0.00
75  0.29  -0.14  11.27  23.78  0.00  -1.00  0.00
76  0.22  -0.22  11.32  23.78  0.00  -1.00  0.00
77  0.29  -0.17  11.27  23.78  0.00  -1.00  0.00
78  0.36  -0.18  11.21  23.78  0.00  -1.00  0.00
79  0.23  -0.17  11.26  23.78  0.00  -1.00  0.00
80  0.30  -0.19  11.31  23.87  0.00  -1.00  0.00
81  0.26  -0.21  11.31  23.92  0.00  -1.00  0.00
82  0.33  -0.12  11.24  23.78  0.00  -1.00  0.00
83  0.32  -0.16  11.26  23.82  0.00  -1.00  0.00
84  0.24  -0.12  11.24  23.87  0.00  -1.00  0.00
85  0.29  -0.15  11.28  23.78  0.00  -1.00  0.00
86  0.26  -0.15  11.21  23.82  0.00  -1.00  0.00
87  0.30  -0.21  11.24  23.82  0.00  -1.00  0.00
88  0.31  -0.18  11.28  23.82  0.00  -1.00  0.00
89  0.33  -0.13  11.29  23.92  0.00  -1.00  0.00
90  0.32  -0.18  11.28  23.82  0.00  -1.00  0.00
91  0.32  -0.14  11.25  23.73  0.00  -1.00  0.00
92  0.34  -0.18  11.28  23.82  0.00  -1.00  0.00
93  0.36  -0.15  11.39  23.82  0.00  -1.00  0.00
94  0.23  -0.17  11.29  23.87  0.00  -1.00  0.00
95  0.26  -0.17  11.33  23.82  0.00  -1.00  0.00
96  0.26  -0.14  11.25  23.82  0.00  -1.00  0.00
97  0.38  -0.20  11.30  23.73  0.00  -1.00  0.00
98  0.31  -0.15  11.26  23.87  0.00  -1.00  0.00
99  0.32  -0.16  11.19  23.78  0.00  -1.00  0.00
100  0.26  -0.10  11.24  23.87  0.00  -1.00  0.00
101  0.28  -0.16  11.20  23.87  0.00  -1.00  0.00
102  0.30  -0.20  11.32  23.87  0.00  -1.00  0.00
103  0.28  -0.16  11.27  23.82  0.00  -1.00  0.00
104  0.30  -0.16  11.21  23.92  0.00  -1.00  0.00
105  0.35  -0.22  11.20  23.82  0.00  -1.00  0.00
106  0.28  -0.18  11.35  23.78  0.00  -1.00  0.00
107  0.32  -0.08  11.30  23.87  0.00  -1.00  0.00
108  0.30  -0.15  11.20  23.82  0.00  -1.00  0.00
109  0.29  -0.19  11.32  23.78  0.00  -1.00  0.00
110  0.30  -0.22  11.25  23.87  0.00  -1.00  0.00
111  0.34  -0.14  11.29  23.87  0.00  -1.00  0.00
112  0.35  -0.22  11.31  23.82  0.00  -1.00  0.00
113  0.32  -0.16  11.32  23.82  0.00  -1.00  0.00
114  0.35  -0.23  11.31  23.78  0.00  -1.00  0.00
115  0.31  -0.17  11.31  23.82  0.00  -1.00  0.00
116  0.30  -0.22  11.28  23.78  0.00  -1.00  0.00
117  0.29  -0.16  11.30  23.82  0.00  -1.00  0.00
118  0.35  -0.18  11.24  23.87  0.00  -1.00  0.00
119  0.28  -0.16  11.30  23.78  0.00  -1.00  0.00
120  0.31  -0.21  11.32  23.92  0.00  -1.00  0.00
121  0.28  -0.19  11.28  23.82  0.00  -1.00  0.00
122  0.28  -0.14  11.20  23.97  0.00  -1.00  0.00
123  0.26  -0.16  11.29  23.82  0.00  -1.00  0.00
124  0.30  -0.19  11.31  23.78  0.00  -1.00  0.00
125  0.28  -0.16  11.22  23.82  0.00  -1.00  0.00
126  0.34  -0.17  11.30  23.87  0.00  -1.00  0.00
127  0.28  -0.17  11.27  23.82  0.00  -1.00  0.00
128  0.24  -0.16  11.32  23.97  0.00  -1.00  0.00
129  0.25  -0.10  11.26  23.87  0.00  -1.00  0.00
130  0.31  -0.15  11.21  23.92  0.00  -1.00  0.00
131  0.24  -0.23  11.25  23.97  0.00  -1.00  0.00
132  0.31  -0.18  11.27  23.82  0.00  -1.00  1.00
133  0.26  -0.13  11.28  23.78  0.00  -1.00  1.00
134  0.29  -0.14  11.31  23.78  0.00  -1.00  1.00
135  0.29  -0.13  11.30  23.87  0.00  -1.00  1.00
136  0.33  -0.19  11.24  23.82  0.00  -1.00  1.00
137  0.30  -0.21  11.26  23.78  0.00  -1.00  1.00
138  0.32  -0.21  11.35  23.82  0.00  -1.00  1.00
139  0.29  -0.11  11.24  23.78  0.00  -1.00  1.00
140  0.29  -0.19  11.31  23.73  0.00  -1.00  1.00
141  0.27  -0.14  11.26  23.73  0.00  -1.00  1.00
142  0.36  -0.18  11.28  23.78  0.00  -1.00  1.00
143  0.28  -0.21  11.26  23.82  0.00  -1.00  1.00
144  0.30  -0.11  11.27  23.87  0.00  -1.00  1.00
145  0.32  -0.15  11.37  23.87  0.00  -1.00  1.00
146  0.36  -0.13  11.29  23.82  0.00  -1.00  1.00
147  0.29  -0.17  11.36  23.78  0.00  -1.00  1.00
148  0.30  -0.15  11.27  23.78  0.00  -1.00  1.00
149  0.27  -0.26  11.28  23.87  0.00  -1.00  1.00
150  0.29  -0.15  11.28  23.87  0.00  -1.00  1.00
151  0.34  -0.19  11.35  23.82  0.00  -1.00  1.00
152  0.33  -0.15  11.28  23.78  0.00  -1.00  1.00
153  0.27  -0.13  11.25  23.82  0.00  -1.00  1.00
154  0.32  -0.15  11.24  23.87  0.00  -1.00  1.00
155  0.26  -0.14  11.18  23.82  0.00  -1.00  1.00
156  0.31  -0.15  11.26  23.82  0.00  -1.00  1.00
157  0.38  -0.15  11.27  23.82  0.00  -1.00  1.00
158  0.30  -0.20  11.34  23.87  0.00  -1.00  1.00
159  0.27  -0.21  11.24  23.82  0.00  -1.00  1.00
160  0.32  -0.20  11.29  23.78  0.00  -1.00  1.00
161  0.32  -0.20  11.28  23.82  0.00  -1.00  1.00
162  0.30  -0.16  11.30  23.73  0.00  -1.00  1.00
