=~=~=~=~=~=~=~=~=~=~=~= PuTTY log 2020.06.24 22:17:19 =~=~=~=~=~=~=~=~=~=~=~=
1  0.79  9.74  1.33  23.49  0.00  -1.00  0.00

2  0.80  9.76  1.33  23.64  0.00  -1.00  0.00
4  0.91  9.76  1.36  23.73  0.00  -1.00  0.00
5  0.86  9.82  1.32  23.68  0.00  -1.00  0.00
6  0.84  9.74  1.20  23.64  0.00  -1.00  0.00
7  0.82  9.77  1.22  23.78  -1.00  -1.00  0.00
8  0.79  9.79  1.21  23.68  0.00  -1.00  0.00
9  0.87  9.74  1.21  23.78  -1.00  -1.00  0.00
10  0.84  9.77  1.22  23.82  0.00  -1.00  0.00
11  0.85  9.75  1.25  23.73  0.00  -1.00  0.00
12  0.90  9.69  1.24  23.87  0.00  -1.00  0.00
13  0.86  9.73  1.25  23.82  0.00  -1.00  0.00
14  0.80  9.78  1.21  23.82  0.00  -1.00  0.00
15  0.89  9.79  1.27  23.82  0.00  -1.00  0.00
16  0.86  9.75  1.29  23.78  0.00  -1.00  0.00
17  0.85  9.72  1.23  24.01  -1.00  -1.00  0.00
18  0.90  9.75  1.24  23.92  0.00  -1.00  0.00
19  0.88  9.76  1.29  23.87  0.00  -1.00  0.00
20  0.89  9.76  1.24  23.92  0.00  -1.00  0.00
21  0.88  9.80  1.31  23.97  0.00  -1.00  0.00
22  0.88  9.77  1.22  23.87  0.00  -1.00  0.00
23  0.88  9.78  1.30  24.01  0.00  -1.00  0.00
24  0.87  9.73  1.20  24.01  0.00  -1.00  0.00
25  0.92  9.77  1.31  24.01  0.00  -1.00  0.00
26  0.85  9.75  1.24  23.97  0.00  -1.00  0.00
27  0.87  9.78  1.31  24.06  0.00  -1.00  0.00
28  0.84  9.78  1.23  24.01  0.00  -1.00  0.00
29  0.89  9.81  1.23  23.97  0.00  -1.00  0.00
30  0.85  9.75  1.25  23.92  0.00  -1.00  0.00
31  0.87  9.75  1.27  23.97  0.00  -1.00  0.00
32  0.84  9.75  1.25  23.97  0.00  -1.00  0.00
33  0.83  9.75  1.20  24.06  0.00  -1.00  0.00
34  0.87  9.71  1.20  24.01  0.00  -1.00  0.00
35  0.89  9.79  1.25  23.97  0.00  -1.00  0.00
36  0.83  9.76  1.20  23.87  0.00  -1.00  0.00
37  0.91  9.73  1.29  24.06  0.00  -1.00  0.00
38  0.85  9.73  1.26  24.06  0.00  -1.00  0.00
39  0.90  9.68  1.28  24.01  0.00  -1.00  0.00
40  0.91  9.73  1.20  23.97  0.00  -1.00  0.00
41  0.86  9.74  1.21  24.01  0.00  -1.00  0.00
42  0.89  9.78  1.32  23.97  0.00  -1.00  0.00
43  0.92  9.75  1.26  24.01  0.00  -1.00  0.00
44  0.87  9.72  1.24  23.92  0.00  -1.00  0.00
45  0.80  9.75  1.30  24.01  0.00  -1.00  0.00
46  0.85  9.74  1.26  23.97  0.00  -1.00  0.00
47  0.83  9.76  1.27  24.01  0.00  -1.00  0.00
48  0.88  9.75  1.36  23.97  0.00  -1.00  0.00
49  0.90  9.80  1.36  24.01  -1.00  -1.00  0.00
50  0.84  9.75  1.27  24.06  0.00  -1.00  0.00
51  0.91  9.73  1.22  23.97  0.00  -1.00  0.00
52  0.95  9.82  1.35  24.01  0.00  -1.00  0.00
53  0.85  9.76  1.24  24.01  0.00  -1.00  0.00
54  0.92  9.78  1.29  24.01  0.00  -1.00  0.00
55  0.83  9.75  1.27  23.97  0.00  -1.00  0.00
56  0.94  9.75  1.23  24.01  0.00  -1.00  0.00
57  0.87  9.76  1.23  23.97  0.00  -1.00  0.00
58  0.84  9.74  1.28  24.11  0.00  -1.00  0.00
59  0.88  9.76  1.20  24.01  0.00  -1.00  0.00
60  0.85  9.70  1.28  24.06  0.00  -1.00  0.00
61  0.93  9.77  1.23  24.01  0.00  -1.00  0.00
62  0.91  9.70  1.37  24.01  0.00  -1.00  0.00
63  0.78  9.79  1.25  24.01  0.00  -1.00  0.00
64  0.97  9.80  1.26  23.92  0.00  -1.00  0.00
65  0.86  9.73  1.20  24.01  0.00  -1.00  0.00
66  0.88  9.76  1.23  24.06  -1.00  -1.00  0.00
67  0.85  9.79  1.24  24.06  0.00  -1.00  0.00
68  0.79  9.71  1.28  24.06  0.00  -1.00  0.00
69  0.86  9.79  1.30  24.11  0.00  -1.00  0.00
70  0.90  9.74  1.28  24.06  -1.00  -1.00  0.00
71  0.86  9.77  1.23  24.06  0.00  -1.00  0.00
72  0.82  9.77  1.27  24.11  0.00  -1.00  0.00
73  0.87  9.73  1.25  24.11  0.00  -1.00  0.00
74  0.80  9.78  1.29  24.06  0.00  -1.00  0.00
75  0.87  9.78  1.23  24.11  -1.00  -1.00  0.00
76  0.87  9.74  1.28  24.01  0.00  -1.00  0.00
77  0.91  9.79  1.20  24.06  0.00  -1.00  0.00
78  0.92  9.73  1.23  24.01  0.00  -1.00  0.00
79  0.86  9.78  1.24  24.06  0.00  -1.00  0.00
80  0.91  9.75  1.24  24.06  0.00  -1.00  0.00
81  0.87  9.73  1.31  24.06  0.00  -1.00  0.00
82  0.89  9.74  1.25  24.11  0.00  -1.00  0.00
83  0.83  9.75  1.28  24.15  0.00  -1.00  0.00
84  0.82  9.75  1.30  24.11  0.00  -1.00  0.00
85  0.80  9.74  1.26  24.01  0.00  -1.00  0.00
86  0.86  9.79  1.27  24.11  0.00  -1.00  0.00
87  0.84  9.74  1.24  23.97  0.00  -1.00  0.00
88  0.95  9.75  1.27  24.11  0.00  -1.00  0.00
89  0.86  9.71  1.27  23.97  0.00  -1.00  0.00
90  0.87  9.78  1.24  24.01  0.00  -1.00  0.00
91  0.88  9.73  1.30  24.01  0.00  -1.00  0.00
92  0.86  9.78  1.32  24.06  0.00  -1.00  0.00
93  0.89  9.79  1.30  24.11  0.00  -1.00  0.00
94  0.89  9.77  1.23  24.06  0.00  -1.00  0.00
95  0.91  9.72  1.24  24.11  0.00  -1.00  0.00
96  0.91  9.77  1.32  24.01  0.00  -1.00  0.00
97  0.83  9.74  1.22  24.01  -1.00  -1.00  0.00
98  0.91  9.76  1.31  24.06  0.00  -1.00  0.00
99  0.90  9.75  1.27  24.11  0.00  -1.00  0.00
100  0.86  9.71  1.22  24.01  0.00  -1.00  0.00
101  0.88  9.75  1.27  24.01  0.00  -1.00  0.00
102  0.89  9.71  1.30  24.01  0.00  -1.00  0.00
103  0.89  9.75  1.21  24.06  0.00  -1.00  0.00
104  0.88  9.80  1.24  24.06  0.00  -1.00  0.00
105  0.84  9.77  1.33  24.06  0.00  -1.00  0.00
106  0.87  9.70  1.24  24.01  0.00  -1.00  0.00
107  0.83  9.70  1.33  23.97  0.00  -1.00  0.00
108  0.81  9.71  1.26  23.97  0.00  -1.00  0.00
109  0.89  9.70  1.23  24.01  0.00  -1.00  0.00
110  0.88  9.73  1.35  23.97  0.00  -1.00  0.00
111  0.87  9.73  1.28  23.97  0.00  -1.00  0.00
112  0.81  9.76  1.27  23.92  0.00  -1.00  0.00
113  0.77  9.77  1.29  24.06  -1.00  -1.00  0.00
114  0.88  9.76  1.27  24.01  0.00  -1.00  0.00
115  0.84  9.73  1.30  24.06  0.00  -1.00  0.00
116  0.88  9.77  1.31  23.97  0.00  -1.00  0.00
117  0.88  9.79  1.27  23.97  0.00  -1.00  0.00
118  0.85  9.75  1.31  23.97  0.00  -1.00  0.00
119  0.84  9.76  1.29  23.97  0.00  -1.00  0.00
120  0.82  9.80  1.21  23.97  0.00  -1.00  0.00
121  0.90  9.73  1.20  23.97  0.00  -1.00  0.00
122  0.88  9.75  1.31  24.01  0.00  -1.00  0.00
123  0.89  9.79  1.35  24.06  0.00  -1.00  0.00
124  0.86  9.77  1.31  24.01  0.00  -1.00  0.00
125  0.81  9.75  1.25  24.01  0.00  -1.00  0.00
126  0.82  9.81  1.24  23.87  0.00  -1.00  0.00
127  1.14  9.76  1.52  23.97  0.00  -1.00  0.00
128  0.86  9.78  1.29  24.01  0.00  -1.00  0.00
129  0.80  9.73  1.29  23.97  0.00  -1.00  0.00
130  0.83  9.74  1.21  23.97  0.00  -1.00  0.00
131  0.88  9.77  1.22  23.97  0.00  -1.00  0.00
132  0.85  9.76  1.22  23.92  0.00  -1.00  1.00
133  0.87  9.81  1.27  23.97  0.00  -1.00  1.00
134  0.87  9.77  1.27  24.01  0.00  -1.00  1.00
135  0.84  9.77  1.37  23.92  0.00  -1.00  1.00
136  0.84  9.70  1.27  24.01  0.00  -1.00  1.00
137  0.87  9.82  1.37  23.92  0.00  -1.00  1.00
138  0.77  9.78  1.22  24.06  0.00  -1.00  1.00
139  0.87  9.77  1.28  23.97  0.00  -1.00  1.00
140  0.86  9.71  1.35  23.97  0.00  -1.00  1.00
141  0.86  9.79  1.26  23.92  0.00  -1.00  1.00
142  0.84  9.80  1.30  23.82  0.00  -1.00  1.00
143  0.88  9.73  1.16  23.92  0.00  -1.00  1.00
144  0.86  9.75  1.25  23.87  0.00  -1.00  1.00
145  0.87  9.81  1.26  23.97  0.00  -1.00  1.00
146  0.84  9.77  1.23  23.87  0.00  -1.00  1.00
147  0.87  9.71  1.24  23.97  0.00  -1.00  1.00
148  0.90  9.74  1.28  23.82  0.00  -1.00  1.00
149  0.91  9.80  1.25  23.97  0.00  -1.00  1.00
150  0.86  9.71  1.33  23.87  0.00  -1.00  1.00
151  0.86  9.80  1.26  23.92  0.00  -1.00  1.00
152  0.88  9.78  1.26  23.87  0.00  -1.00  1.00
153  0.90  9.77  1.25  23.82  0.00  -1.00  1.00
154  0.90  9.74  1.25  23.97  0.00  -1.00  1.00
155  0.91  9.77  1.24  23.97  0.00  -1.00  1.00
156  0.91  9.70  1.26  23.97  0.00  -1.00  1.00
157  0.89  9.74  1.17  23.87  0.00  -1.00  1.00
158  0.82  9.74  1.19  23.92  0.00  -1.00  1.00
159  0.82  9.74  1.25  23.92  0.00  -1.00  1.00
160  0.90  9.77  1.28  23.92  0.00  -1.00  1.00
161  0.88  9.74  1.30  24.01  0.00  -1.00  1.00
162  0.82  9.75  1.25  23.87  0.00  -1.00  1.00
163  0.91  9.79  1.31  23.92  0.00  -1.00  1.00
