=~=~=~=~=~=~=~=~=~=~=~= PuTTY log 2020.06.24 22:24:16 =~=~=~=~=~=~=~=~=~=~=~=
1  -9.13  0.07  0.50  23.78  0.00  -1.00  0.00

2  -9.11  -0.11  0.71  23.87  -1.00  -1.00  0.00

4  -9.14  -0.17  0.83  23.97  0.00  -1.00  0.00
5  -9.15  -0.20  0.80  23.97  0.00  -1.00  0.00
6  -9.13  -0.18  0.69  24.11  0.00  -1.00  0.00
7  -9.13  -0.14  0.71  24.06  0.00  -1.00  0.00
8  -9.18  -0.17  0.70  24.06  0.00  -1.00  0.00
9  -9.13  -0.14  0.73  24.06  -1.00  -1.00  0.00
10  -9.12  -0.19  0.73  24.06  0.00  -1.00  0.00
11  -9.07  -0.17  0.73  24.20  0.00  -1.00  0.00
12  -9.11  -0.23  0.69  24.06  0.00  -1.00  0.00
13  -9.13  -0.16  0.82  24.15  0.00  -1.00  0.00
14  -9.16  -0.21  0.76  24.06  0.00  -1.00  0.00
15  -9.12  -0.21  0.72  24.06  0.00  -1.00  0.00
16  -9.17  -0.20  0.70  24.20  -1.00  -1.00  0.00
17  -9.09  -0.24  0.68  24.20  -1.00  -1.00  0.00
18  -9.21  -0.16  0.72  24.25  -1.00  -1.00  0.00
19  -9.11  -0.17  0.75  24.20  -1.00  -1.00  0.00
20  -9.10  -0.21  0.78  24.20  0.00  -1.00  0.00
21  -9.18  -0.20  0.71  24.29  0.00  -1.00  0.00
22  -9.17  -0.14  0.68  24.20  -1.00  -1.00  0.00
23  -9.13  -0.22  0.80  24.25  0.00  -1.00  0.00
24  -9.11  -0.22  0.78  24.15  0.00  -1.00  0.00
25  -9.15  -0.18  0.74  24.15  0.00  -1.00  0.00
26  -9.13  -0.21  0.66  24.29  -1.00  -1.00  0.00
27  -9.09  -0.15  0.68  24.15  0.00  -1.00  0.00
28  -9.16  -0.15  0.71  24.15  0.00  -1.00  0.00
29  -9.12  -0.17  0.67  24.15  0.00  -1.00  0.00
30  -9.14  -0.17  0.72  24.15  0.00  -1.00  0.00
31  -9.10  -0.09  0.69  24.34  0.00  -1.00  0.00
32  -9.12  -0.19  0.74  24.34  0.00  -1.00  0.00
33  -9.13  -0.15  0.79  24.25  -1.00  -1.00  0.00
34  -9.15  -0.16  0.67  24.29  0.00  -1.00  0.00
35  -9.14  -0.19  0.80  24.29  0.00  -1.00  0.00
36  -9.13  -0.20  0.72  24.29  -1.00  -1.00  0.00
37  -9.16  -0.19  0.76  24.29  0.00  -1.00  0.00
38  -9.17  -0.20  0.60  24.25  -1.00  -1.00  0.00
39  -9.13  -0.16  0.73  24.15  -1.00  -1.00  0.00
40  -9.19  -0.20  0.70  24.34  -1.00  -1.00  0.00
41  -9.12  -0.26  0.57  24.29  -1.00  -1.00  0.00
42  -9.15  -0.16  0.74  24.34  -1.00  -1.00  0.00
43  -9.18  -0.21  0.74  24.20  0.00  -1.00  0.00
44  -9.19  -0.13  0.66  24.25  0.00  -1.00  0.00
45  -9.17  -0.15  0.62  24.20  -1.00  -1.00  0.00
46  -9.14  -0.13  0.72  24.25  -1.00  -1.00  0.00
47  -9.13  -0.16  0.71  24.34  0.00  -1.00  0.00
48  -9.17  -0.26  0.81  24.25  0.00  -1.00  0.00
49  -9.19  -0.16  0.75  24.34  0.00  -1.00  0.00
50  -9.14  -0.20  0.75  24.25  -1.00  -1.00  0.00
51  -9.15  -0.16  0.70  24.25  0.00  -1.00  0.00
52  -9.18  -0.20  0.75  24.29  -1.00  -1.00  0.00
53  -9.12  -0.16  0.71  24.34  0.00  -1.00  0.00
54  -9.10  -0.20  0.75  24.29  -1.00  -1.00  0.00
55  -9.13  -0.18  0.76  24.29  0.00  -1.00  0.00
56  -9.13  -0.21  0.64  24.39  0.00  -1.00  0.00
57  -9.09  -0.16  0.75  24.34  0.00  -1.00  0.00
58  -9.06  -0.19  0.76  24.29  -1.00  -1.00  0.00
59  -9.16  -0.22  0.72  24.34  0.00  -1.00  0.00
60  -9.14  -0.16  0.74  24.34  0.00  -1.00  0.00
61  -9.18  -0.16  0.65  24.29  -1.00  -1.00  0.00
62  -9.16  -0.20  0.68  24.29  0.00  -1.00  0.00
63  -9.17  -0.19  0.72  24.29  -1.00  -1.00  0.00
64  -9.20  -0.19  0.65  24.25  -1.00  -1.00  0.00
65  -9.15  -0.15  0.73  24.29  0.00  -1.00  0.00
66  -9.11  -0.17  0.77  24.25  -1.00  -1.00  0.00
67  -9.17  -0.21  0.68  24.39  -1.00  -1.00  0.00
68  -9.11  -0.18  0.68  24.34  0.00  -1.00  0.00
69  -9.15  -0.16  0.68  24.25  0.00  -1.00  0.00
70  -9.13  -0.17  0.80  24.25  0.00  -1.00  0.00
71  -9.14  -0.17  0.67  24.25  -1.00  -1.00  0.00
72  -9.14  -0.17  0.64  24.39  0.00  -1.00  0.00
73  -9.11  -0.12  0.68  24.25  -1.00  -1.00  0.00
74  -9.16  -0.17  0.74  24.39  0.00  -1.00  0.00
75  -9.12  -0.17  0.73  24.39  0.00  -1.00  0.00
76  -9.13  -0.13  0.73  24.44  0.00  -1.00  0.00
77  -9.13  -0.23  0.65  24.34  0.00  -1.00  0.00
78  -9.22  -0.16  0.72  24.39  0.00  -1.00  0.00
79  -9.19  -0.14  0.72  24.15  0.00  -1.00  0.00
80  -9.11  -0.15  0.74  24.25  0.00  -1.00  0.00
81  -9.16  -0.17  0.70  24.29  0.00  -1.00  0.00
82  -9.15  -0.23  0.73  24.44  -1.00  -1.00  0.00
83  -9.17  -0.21  0.73  24.44  -1.00  -1.00  0.00
84  -9.14  -0.19  0.78  24.29  -1.00  -1.00  0.00
85  -9.16  -0.21  0.70  24.39  0.00  -1.00  0.00
86  -9.16  -0.15  0.74  24.34  -1.00  -1.00  0.00
87  -9.11  -0.19  0.70  24.29  0.00  -1.00  0.00
88  -9.13  -0.23  0.72  24.34  0.00  -1.00  0.00
89  -9.14  -0.19  0.73  24.29  0.00  -1.00  0.00
90  -9.11  -0.17  0.76  24.34  0.00  -1.00  0.00
91  -9.13  -0.15  0.81  24.29  -1.00  -1.00  0.00
92  -9.12  -0.19  0.68  24.34  0.00  -1.00  0.00
93  -9.14  -0.16  0.67  24.25  -1.00  -1.00  0.00
94  -9.15  -0.16  0.63  24.34  0.00  -1.00  0.00
95  -9.17  -0.22  0.76  24.39  0.00  -1.00  0.00
96  -9.12  -0.17  0.76  24.44  0.00  -1.00  0.00
97  -9.12  -0.18  0.70  24.20  0.00  -1.00  0.00
98  -9.13  -0.20  0.69  24.29  0.00  -1.00  0.00
99  -9.12  -0.19  0.74  24.25  0.00  -1.00  0.00
100  -9.13  -0.16  0.74  24.29  0.00  -1.00  0.00
101  -9.15  -0.14  0.75  24.34  0.00  -1.00  0.00
102  -9.21  -0.13  0.73  24.29  0.00  -1.00  0.00
103  -9.12  -0.18  0.70  24.20  0.00  -1.00  0.00
104  -9.13  -0.16  0.67  24.39  0.00  -1.00  0.00
105  -9.21  -0.16  0.72  24.39  0.00  -1.00  0.00
106  -9.19  -0.16  0.72  24.29  0.00  -1.00  0.00
107  -9.12  -0.17  0.87  24.39  0.00  -1.00  0.00
108  -9.14  -0.14  0.63  24.20  0.00  -1.00  0.00
109  -9.11  -0.13  0.72  24.25  0.00  -1.00  0.00
110  -9.08  -0.17  0.73  24.25  0.00  -1.00  0.00
111  -9.15  -0.13  0.75  24.20  -1.00  -1.00  0.00
112  -9.14  -0.19  0.68  24.29  0.00  -1.00  0.00
113  -9.18  -0.21  0.75  24.29  0.00  -1.00  0.00
114  -9.19  -0.18  0.77  24.25  0.00  -1.00  0.00
115  -9.13  -0.18  0.69  24.25  0.00  -1.00  0.00
116  -9.11  -0.21  0.74  24.29  0.00  -1.00  0.00
117  -9.08  -0.16  0.75  24.29  0.00  -1.00  0.00
118  -9.12  -0.18  0.78  24.25  0.00  -1.00  0.00
119  -9.11  -0.19  0.67  24.25  0.00  -1.00  0.00
120  -9.12  -0.16  0.71  24.25  0.00  -1.00  0.00
121  -9.11  -0.18  0.74  24.29  0.00  -1.00  0.00
122  -9.15  -0.18  0.73  24.20  0.00  -1.00  0.00
123  -9.19  -0.17  0.70  24.25  0.00  -1.00  0.00
124  -9.09  -0.23  0.70  24.34  0.00  -1.00  0.00
125  -9.15  -0.12  0.68  24.29  0.00  -1.00  0.00
126  -9.19  -0.11  0.77  24.29  0.00  -1.00  0.00
127  -9.17  -0.17  0.71  24.25  0.00  -1.00  0.00
128  -9.10  -0.21  0.67  24.29  0.00  -1.00  0.00
129  -9.15  -0.19  0.71  24.25  0.00  -1.00  0.00
130  -9.12  -0.17  0.80  24.25  0.00  -1.00  0.00
131  -9.13  -0.25  0.75  24.20  0.00  -1.00  0.00
132  -9.14  -0.17  0.73  24.25  0.00  -1.00  1.00
133  -9.20  -0.16  0.72  24.20  0.00  -1.00  1.00
134  -9.15  -0.23  0.75  24.25  0.00  -1.00  1.00
135  -9.18  -0.19  0.67  24.25  -1.00  -1.00  1.00
136  -9.11  -0.19  0.73  24.25  0.00  -1.00  1.00
137  -9.12  -0.21  0.69  24.25  0.00  -1.00  1.00
138  -9.08  -0.16  0.77  24.29  0.00  -1.00  1.00
139  -9.18  -0.16  0.67  24.20  -1.00  -1.00  1.00
140  -9.13  -0.18  0.81  24.25  0.00  -1.00  1.00
141  -9.13  -0.15  0.76  24.25  0.00  -1.00  1.00
142  -9.14  -0.14  0.70  24.34  0.00  -1.00  1.00
143  -9.18  -0.13  0.78  24.25  0.00  -1.00  1.00
144  -9.14  -0.15  0.72  24.34  0.00  -1.00  1.00
145  -9.13  -0.15  0.73  24.25  0.00  -1.00  1.00
146  -9.13  -0.24  0.64  24.25  0.00  -1.00  1.00
147  -9.15  -0.12  0.79  24.29  0.00  -1.00  1.00
148  -9.17  -0.16  0.75  24.25  0.00  -1.00  1.00
149  -9.08  -0.19  0.64  24.34  -1.00  -1.00  1.00
150  -9.14  -0.16  0.73  24.25  -1.00  -1.00  1.00
151  -9.14  -0.15  0.77  24.25  0.00  -1.00  1.00
152  -9.14  -0.16  0.76  24.25  0.00  -1.00  1.00
153  -9.14  -0.19  0.70  24.29  0.00  -1.00  1.00
154  -9.18  -0.17  0.69  24.25  0.00  -1.00  1.00
155  -9.07  -0.15  0.69  24.34  0.00  -1.00  1.00
156  -9.13  -0.17  0.80  24.34  0.00  -1.00  1.00
157  -9.11  -0.21  0.63  24.29  0.00  -1.00  1.00
158  -9.16  -0.19  0.70  24.25  0.00  -1.00  1.00
159  -9.11  -0.19  0.76  24.20  0.00  -1.00  1.00
160  -9.18  -0.12  0.74  24.25  0.00  -1.00  1.00
161  -9.18  -0.17  0.69  24.29  0.00  -1.00  1.00
162  -9.17  -0.17  0.80  24.25  0.00  -1.00  1.00
163  -9.15  -0.18  0.77  24.25  0.00  -1.00  1.00
164  -9.18  -0.16  0.73  24.25  0.00  -1.00  1.00
165  -9.14  -0.11  0.77  24.29  0.00  -1.00  1.00
166  -9.13  -0.11  0.72  24.25  -1.00  -1.00  1.00
